debug: Mon, 16 Dec 2024 12:21:51 GMT
debug: Project: /Users/admin/Documents/Gamify_Test
debug: Targets: editor,preview
debug: Incremental file seems great.
debug: Engine path: /Applications/Cocos/Creator/3.8.1/CocosCreator.app/Contents/Resources/resources/3d/engine
debug: Initializing target [Editor]
debug: Loading cache
debug: Loading cache costs 1.233832836151123ms.
debug: Engine features shipped in editor: base,gfx-webgl,gfx-webgl2,gfx-empty,3d,animation,skeletal-animation,2d,ui,particle,particle-2d,physics-framework,physics-2d-framework,physics-2d-box2d-wasm,intersection-2d,primitive,profiler,occlusion-query,geometry-renderer,debug-renderer,audio,video,xr,light-probe,terrain,webview,tween,tiled-map,spine,dragon-bones,marionette,procedural-animation,custom-pipeline,websocket,websocket-server
debug: Our import map(foo:/bar): {
  "imports": {
    "cc": "cce:/internal/x/cc"
  }
}
debug: Initializing target [Preview]
debug: Loading cache
debug: Loading cache costs 2.09375ms.
debug: Our import map(foo:/bar): {
  "imports": {
    "cc": "cce:/internal/x/cc"
  }
}
debug: Sync engine features: 2d,animation,audio,base,dragon-bones,gfx-webgl,gfx-webgl2,intersection-2d,particle-2d,physics-2d-box2d,profiler,spine,tiled-map,tween,ui,video,webview
debug: Reset databases. Enumerated domains: [
  {
    "root": "db://internal/",
    "physical": "/Applications/Cocos/Creator/3.8.1/CocosCreator.app/Contents/Resources/resources/3d/engine/editor/assets"
  },
  {
    "root": "db://assets/",
    "physical": "/Users/admin/Documents/Gamify_Test/assets"
  }
]
debug: Our import map(foo:/bar): {
  "imports": {
    "cc": "cce:/internal/x/cc",
    "db://internal/": "file:///Applications/Cocos/Creator/3.8.1/CocosCreator.app/Contents/Resources/resources/3d/engine/editor/assets/",
    "db://assets/": "file:///Users/admin/Documents/Gamify_Test/assets/"
  }
}
debug: Our import map(foo:/bar): {
  "imports": {
    "cc": "cce:/internal/x/cc",
    "db://internal/": "file:///Applications/Cocos/Creator/3.8.1/CocosCreator.app/Contents/Resources/resources/3d/engine/editor/assets/",
    "db://assets/": "file:///Users/admin/Documents/Gamify_Test/assets/"
  }
}
debug: Pulling asset-db.
debug: Fetch asset-db cost: 7.4419169425964355ms.
debug: Build iteration starts.
Number of accumulated asset changes: 2
Feature changed: false
debug: Target(editor) build started.
debug: Detected change: cce:/internal/x/cc. Last mtime: Thu Jan 01 1970 08:00:18 GMT+0800 (Indochina Time), Current mtime: Thu Jan 01 1970 08:00:06 GMT+0800 (Indochina Time)
debug: Inspect cce:/internal/x/cc
debug: Resolve cce:/internal/x/cc-fu/base from cce:/internal/x/cc as external dependency cce:/internal/x/cc-fu/base.
debug: Resolve cce:/internal/x/cc-fu/gfx-webgl from cce:/internal/x/cc as external dependency cce:/internal/x/cc-fu/gfx-webgl.
debug: Resolve cce:/internal/x/cc-fu/gfx-webgl2 from cce:/internal/x/cc as external dependency cce:/internal/x/cc-fu/gfx-webgl2.
debug: Resolve cce:/internal/x/cc-fu/gfx-empty from cce:/internal/x/cc as external dependency cce:/internal/x/cc-fu/gfx-empty.
debug: Resolve cce:/internal/x/cc-fu/3d from cce:/internal/x/cc as external dependency cce:/internal/x/cc-fu/3d.
debug: Resolve cce:/internal/x/cc-fu/animation from cce:/internal/x/cc as external dependency cce:/internal/x/cc-fu/animation.
debug: Resolve cce:/internal/x/cc-fu/skeletal-animation from cce:/internal/x/cc as external dependency cce:/internal/x/cc-fu/skeletal-animation.
debug: Resolve cce:/internal/x/cc-fu/2d from cce:/internal/x/cc as external dependency cce:/internal/x/cc-fu/2d.
debug: Resolve cce:/internal/x/cc-fu/sorting from cce:/internal/x/cc as external dependency cce:/internal/x/cc-fu/sorting.
debug: Resolve cce:/internal/x/cc-fu/ui from cce:/internal/x/cc as external dependency cce:/internal/x/cc-fu/ui.
debug: Resolve cce:/internal/x/cc-fu/particle from cce:/internal/x/cc as external dependency cce:/internal/x/cc-fu/particle.
debug: Resolve cce:/internal/x/cc-fu/particle-2d from cce:/internal/x/cc as external dependency cce:/internal/x/cc-fu/particle-2d.
debug: Resolve cce:/internal/x/cc-fu/physics-framework from cce:/internal/x/cc as external dependency cce:/internal/x/cc-fu/physics-framework.
debug: Resolve cce:/internal/x/cc-fu/physics-2d-framework from cce:/internal/x/cc as external dependency cce:/internal/x/cc-fu/physics-2d-framework.
debug: Resolve cce:/internal/x/cc-fu/physics-2d-box2d-wasm from cce:/internal/x/cc as external dependency cce:/internal/x/cc-fu/physics-2d-box2d-wasm.
debug: Resolve cce:/internal/x/cc-fu/intersection-2d from cce:/internal/x/cc as external dependency cce:/internal/x/cc-fu/intersection-2d.
debug: Resolve cce:/internal/x/cc-fu/primitive from cce:/internal/x/cc as external dependency cce:/internal/x/cc-fu/primitive.
debug: Resolve cce:/internal/x/cc-fu/profiler from cce:/internal/x/cc as external dependency cce:/internal/x/cc-fu/profiler.
debug: Resolve cce:/internal/x/cc-fu/geometry-renderer from cce:/internal/x/cc as external dependency cce:/internal/x/cc-fu/geometry-renderer.
debug: Resolve cce:/internal/x/cc-fu/audio from cce:/internal/x/cc as external dependency cce:/internal/x/cc-fu/audio.
debug: Resolve cce:/internal/x/cc-fu/video from cce:/internal/x/cc as external dependency cce:/internal/x/cc-fu/video.
debug: Resolve cce:/internal/x/cc-fu/xr from cce:/internal/x/cc as external dependency cce:/internal/x/cc-fu/xr.
debug: Resolve cce:/internal/x/cc-fu/light-probe from cce:/internal/x/cc as external dependency cce:/internal/x/cc-fu/light-probe.
debug: Resolve cce:/internal/x/cc-fu/terrain from cce:/internal/x/cc as external dependency cce:/internal/x/cc-fu/terrain.
debug: Resolve cce:/internal/x/cc-fu/webview from cce:/internal/x/cc as external dependency cce:/internal/x/cc-fu/webview.
debug: Resolve cce:/internal/x/cc-fu/tween from cce:/internal/x/cc as external dependency cce:/internal/x/cc-fu/tween.
debug: Resolve cce:/internal/x/cc-fu/tiled-map from cce:/internal/x/cc as external dependency cce:/internal/x/cc-fu/tiled-map.
debug: Resolve cce:/internal/x/cc-fu/spine from cce:/internal/x/cc as external dependency cce:/internal/x/cc-fu/spine.
debug: Resolve cce:/internal/x/cc-fu/dragon-bones from cce:/internal/x/cc as external dependency cce:/internal/x/cc-fu/dragon-bones.
debug: Resolve cce:/internal/x/cc-fu/custom-pipeline from cce:/internal/x/cc as external dependency cce:/internal/x/cc-fu/custom-pipeline.
debug: Detected change: cce:/internal/x/prerequisite-imports. Last mtime: Thu Jan 01 1970 10:01:12 GMT+0800 (Indochina Time), Current mtime: Thu Jan 01 1970 08:00:10 GMT+0800 (Indochina Time)
debug: Inspect cce:/internal/x/prerequisite-imports
debug: Resolve file:///Applications/Cocos/Creator/3.8.1/CocosCreator.app/Contents/Resources/resources/3d/engine/editor/assets/tools/debug-view-runtime-control.ts from cce:/internal/x/prerequisite-imports as file:///Applications/Cocos/Creator/3.8.1/CocosCreator.app/Contents/Resources/resources/3d/engine/editor/assets/tools/debug-view-runtime-control.ts.
debug: Resolve cc from file:///Applications/Cocos/Creator/3.8.1/CocosCreator.app/Contents/Resources/resources/3d/engine/editor/assets/tools/debug-view-runtime-control.ts as cce:/internal/x/cc.
debug: Resolve cc from file:///Applications/Cocos/Creator/3.8.1/CocosCreator.app/Contents/Resources/resources/3d/engine/editor/assets/tools/debug-view-runtime-control.ts as cce:/internal/x/cc.
debug: Resolve cc from file:///Applications/Cocos/Creator/3.8.1/CocosCreator.app/Contents/Resources/resources/3d/engine/editor/assets/tools/debug-view-runtime-control.ts as cce:/internal/x/cc.
debug: Resolve file:///Users/admin/Documents/Gamify_Test/assets/Scripts/Problem1/RotateAroundComp.ts from cce:/internal/x/prerequisite-imports as file:///Users/admin/Documents/Gamify_Test/assets/Scripts/Problem1/RotateAroundComp.ts.
debug: Resolve cc from file:///Users/admin/Documents/Gamify_Test/assets/Scripts/Problem1/RotateAroundComp.ts as cce:/internal/x/cc.
debug: Resolve cc from file:///Users/admin/Documents/Gamify_Test/assets/Scripts/Problem1/RotateAroundComp.ts as cce:/internal/x/cc.
debug: Resolve cc from file:///Users/admin/Documents/Gamify_Test/assets/Scripts/Problem1/RotateAroundComp.ts as cce:/internal/x/cc.
debug: Target(editor) ends with cost 49.37741565704346ms.
debug: Target(preview) build started.
debug: Detected change: cce:/internal/x/cc. Last mtime: Thu Jan 01 1970 08:00:18 GMT+0800 (Indochina Time), Current mtime: Thu Jan 01 1970 08:00:10 GMT+0800 (Indochina Time)
debug: Inspect cce:/internal/x/cc
debug: Resolve cce:/internal/x/cc-fu/2d from cce:/internal/x/cc as external dependency cce:/internal/x/cc-fu/2d.
debug: Resolve cce:/internal/x/cc-fu/sorting from cce:/internal/x/cc as external dependency cce:/internal/x/cc-fu/sorting.
debug: Resolve cce:/internal/x/cc-fu/animation from cce:/internal/x/cc as external dependency cce:/internal/x/cc-fu/animation.
debug: Resolve cce:/internal/x/cc-fu/audio from cce:/internal/x/cc as external dependency cce:/internal/x/cc-fu/audio.
debug: Resolve cce:/internal/x/cc-fu/base from cce:/internal/x/cc as external dependency cce:/internal/x/cc-fu/base.
debug: Resolve cce:/internal/x/cc-fu/dragon-bones from cce:/internal/x/cc as external dependency cce:/internal/x/cc-fu/dragon-bones.
debug: Resolve cce:/internal/x/cc-fu/gfx-webgl from cce:/internal/x/cc as external dependency cce:/internal/x/cc-fu/gfx-webgl.
debug: Resolve cce:/internal/x/cc-fu/gfx-webgl2 from cce:/internal/x/cc as external dependency cce:/internal/x/cc-fu/gfx-webgl2.
debug: Resolve cce:/internal/x/cc-fu/intersection-2d from cce:/internal/x/cc as external dependency cce:/internal/x/cc-fu/intersection-2d.
debug: Resolve cce:/internal/x/cc-fu/particle-2d from cce:/internal/x/cc as external dependency cce:/internal/x/cc-fu/particle-2d.
debug: Resolve cce:/internal/x/cc-fu/physics-2d-box2d from cce:/internal/x/cc as external dependency cce:/internal/x/cc-fu/physics-2d-box2d.
debug: Resolve cce:/internal/x/cc-fu/physics-2d-framework from cce:/internal/x/cc as external dependency cce:/internal/x/cc-fu/physics-2d-framework.
debug: Resolve cce:/internal/x/cc-fu/profiler from cce:/internal/x/cc as external dependency cce:/internal/x/cc-fu/profiler.
debug: Resolve cce:/internal/x/cc-fu/spine from cce:/internal/x/cc as external dependency cce:/internal/x/cc-fu/spine.
debug: Resolve cce:/internal/x/cc-fu/tiled-map from cce:/internal/x/cc as external dependency cce:/internal/x/cc-fu/tiled-map.
debug: Resolve cce:/internal/x/cc-fu/tween from cce:/internal/x/cc as external dependency cce:/internal/x/cc-fu/tween.
debug: Resolve cce:/internal/x/cc-fu/ui from cce:/internal/x/cc as external dependency cce:/internal/x/cc-fu/ui.
debug: Resolve cce:/internal/x/cc-fu/video from cce:/internal/x/cc as external dependency cce:/internal/x/cc-fu/video.
debug: Resolve cce:/internal/x/cc-fu/webview from cce:/internal/x/cc as external dependency cce:/internal/x/cc-fu/webview.
debug: Detected change: cce:/internal/x/prerequisite-imports. Last mtime: Thu Jan 01 1970 10:01:12 GMT+0800 (Indochina Time), Current mtime: Thu Jan 01 1970 08:00:10 GMT+0800 (Indochina Time)
debug: Inspect cce:/internal/x/prerequisite-imports
debug: Resolve file:///Applications/Cocos/Creator/3.8.1/CocosCreator.app/Contents/Resources/resources/3d/engine/editor/assets/tools/debug-view-runtime-control.ts from cce:/internal/x/prerequisite-imports as file:///Applications/Cocos/Creator/3.8.1/CocosCreator.app/Contents/Resources/resources/3d/engine/editor/assets/tools/debug-view-runtime-control.ts.
debug: Resolve cc from file:///Applications/Cocos/Creator/3.8.1/CocosCreator.app/Contents/Resources/resources/3d/engine/editor/assets/tools/debug-view-runtime-control.ts as cce:/internal/x/cc.
debug: Resolve cc from file:///Applications/Cocos/Creator/3.8.1/CocosCreator.app/Contents/Resources/resources/3d/engine/editor/assets/tools/debug-view-runtime-control.ts as cce:/internal/x/cc.
debug: Resolve cc from file:///Applications/Cocos/Creator/3.8.1/CocosCreator.app/Contents/Resources/resources/3d/engine/editor/assets/tools/debug-view-runtime-control.ts as cce:/internal/x/cc.
debug: Resolve file:///Users/admin/Documents/Gamify_Test/assets/Scripts/Problem1/RotateAroundComp.ts from cce:/internal/x/prerequisite-imports as file:///Users/admin/Documents/Gamify_Test/assets/Scripts/Problem1/RotateAroundComp.ts.
debug: Resolve cc from file:///Users/admin/Documents/Gamify_Test/assets/Scripts/Problem1/RotateAroundComp.ts as cce:/internal/x/cc.
debug: Resolve cc from file:///Users/admin/Documents/Gamify_Test/assets/Scripts/Problem1/RotateAroundComp.ts as cce:/internal/x/cc.
debug: Resolve cc from file:///Users/admin/Documents/Gamify_Test/assets/Scripts/Problem1/RotateAroundComp.ts as cce:/internal/x/cc.
debug: Target(preview) ends with cost 36.673916816711426ms.
debug: Pulling asset-db.
debug: Fetch asset-db cost: 365.9941658973694ms.
debug: Build iteration starts.
Number of accumulated asset changes: 2
Feature changed: false
debug: Target(editor) build started.
debug: Detected change: cce:/internal/x/prerequisite-imports. Last mtime: Thu Jan 01 1970 08:00:10 GMT+0800 (Indochina Time), Current mtime: Thu Jan 01 1970 08:00:11 GMT+0800 (Indochina Time)
debug: Inspect cce:/internal/x/prerequisite-imports
debug: Resolve file:///Applications/Cocos/Creator/3.8.1/CocosCreator.app/Contents/Resources/resources/3d/engine/editor/assets/tools/debug-view-runtime-control.ts from cce:/internal/x/prerequisite-imports as file:///Applications/Cocos/Creator/3.8.1/CocosCreator.app/Contents/Resources/resources/3d/engine/editor/assets/tools/debug-view-runtime-control.ts.
debug: Resolve file:///Users/admin/Documents/Gamify_Test/assets/Scripts/Problem1/RotateAroundComp.ts from cce:/internal/x/prerequisite-imports as file:///Users/admin/Documents/Gamify_Test/assets/Scripts/Problem1/RotateAroundComp.ts.
debug: Target(editor) ends with cost 15.113958835601807ms.
debug: Target(preview) build started.
debug: Detected change: cce:/internal/x/prerequisite-imports. Last mtime: Thu Jan 01 1970 08:00:10 GMT+0800 (Indochina Time), Current mtime: Thu Jan 01 1970 08:00:11 GMT+0800 (Indochina Time)
debug: Inspect cce:/internal/x/prerequisite-imports
debug: Resolve file:///Applications/Cocos/Creator/3.8.1/CocosCreator.app/Contents/Resources/resources/3d/engine/editor/assets/tools/debug-view-runtime-control.ts from cce:/internal/x/prerequisite-imports as file:///Applications/Cocos/Creator/3.8.1/CocosCreator.app/Contents/Resources/resources/3d/engine/editor/assets/tools/debug-view-runtime-control.ts.
debug: Resolve file:///Users/admin/Documents/Gamify_Test/assets/Scripts/Problem1/RotateAroundComp.ts from cce:/internal/x/prerequisite-imports as file:///Users/admin/Documents/Gamify_Test/assets/Scripts/Problem1/RotateAroundComp.ts.
debug: Target(preview) ends with cost 17.76454210281372ms.
debug: Dispatch build request for time accumulated 1 asset changes.
debug: Build iteration starts.
Number of accumulated asset changes: 1
Feature changed: false
debug: Target(editor) build started.
debug: Detected change: cce:/internal/x/prerequisite-imports. Last mtime: Thu Jan 01 1970 08:00:11 GMT+0800 (Indochina Time), Current mtime: Thu Jan 01 1970 08:52:30 GMT+0800 (Indochina Time)
debug: Inspect cce:/internal/x/prerequisite-imports
debug: Resolve file:///Applications/Cocos/Creator/3.8.1/CocosCreator.app/Contents/Resources/resources/3d/engine/editor/assets/tools/debug-view-runtime-control.ts from cce:/internal/x/prerequisite-imports as file:///Applications/Cocos/Creator/3.8.1/CocosCreator.app/Contents/Resources/resources/3d/engine/editor/assets/tools/debug-view-runtime-control.ts.
debug: Resolve file:///Users/admin/Documents/Gamify_Test/assets/Scripts/Problem1/RotateAroundComp.ts from cce:/internal/x/prerequisite-imports as file:///Users/admin/Documents/Gamify_Test/assets/Scripts/Problem1/RotateAroundComp.ts.
debug: Resolve file:///Users/admin/Documents/Gamify_Test/assets/Scripts/Problem2/ItemComp.ts from cce:/internal/x/prerequisite-imports as file:///Users/admin/Documents/Gamify_Test/assets/Scripts/Problem2/ItemComp.ts.
debug: Inspect file:///Users/admin/Documents/Gamify_Test/assets/Scripts/Problem2/ItemComp.ts
debug: Resolve cc from file:///Users/admin/Documents/Gamify_Test/assets/Scripts/Problem2/ItemComp.ts as cce:/internal/x/cc.
debug: Resolve cc from file:///Users/admin/Documents/Gamify_Test/assets/Scripts/Problem2/ItemComp.ts as cce:/internal/x/cc.
debug: Resolve cc from file:///Users/admin/Documents/Gamify_Test/assets/Scripts/Problem2/ItemComp.ts as cce:/internal/x/cc.
debug: Target(editor) ends with cost 177.3980417251587ms.
debug: Target(preview) build started.
debug: Detected change: cce:/internal/x/prerequisite-imports. Last mtime: Thu Jan 01 1970 08:00:11 GMT+0800 (Indochina Time), Current mtime: Thu Jan 01 1970 08:52:30 GMT+0800 (Indochina Time)
debug: Inspect cce:/internal/x/prerequisite-imports
debug: Resolve file:///Applications/Cocos/Creator/3.8.1/CocosCreator.app/Contents/Resources/resources/3d/engine/editor/assets/tools/debug-view-runtime-control.ts from cce:/internal/x/prerequisite-imports as file:///Applications/Cocos/Creator/3.8.1/CocosCreator.app/Contents/Resources/resources/3d/engine/editor/assets/tools/debug-view-runtime-control.ts.
debug: Resolve file:///Users/admin/Documents/Gamify_Test/assets/Scripts/Problem1/RotateAroundComp.ts from cce:/internal/x/prerequisite-imports as file:///Users/admin/Documents/Gamify_Test/assets/Scripts/Problem1/RotateAroundComp.ts.
debug: Resolve file:///Users/admin/Documents/Gamify_Test/assets/Scripts/Problem2/ItemComp.ts from cce:/internal/x/prerequisite-imports as file:///Users/admin/Documents/Gamify_Test/assets/Scripts/Problem2/ItemComp.ts.
debug: Inspect file:///Users/admin/Documents/Gamify_Test/assets/Scripts/Problem2/ItemComp.ts
debug: Resolve cc from file:///Users/admin/Documents/Gamify_Test/assets/Scripts/Problem2/ItemComp.ts as cce:/internal/x/cc.
debug: Resolve cc from file:///Users/admin/Documents/Gamify_Test/assets/Scripts/Problem2/ItemComp.ts as cce:/internal/x/cc.
debug: Resolve cc from file:///Users/admin/Documents/Gamify_Test/assets/Scripts/Problem2/ItemComp.ts as cce:/internal/x/cc.
debug: Target(preview) ends with cost 58.495874881744385ms.
debug: Dispatch build request for time accumulated 1 asset changes.
debug: Build iteration starts.
Number of accumulated asset changes: 1
Feature changed: false
debug: Target(editor) build started.
debug: Detected change: cce:/internal/x/prerequisite-imports. Last mtime: Thu Jan 01 1970 08:52:30 GMT+0800 (Indochina Time), Current mtime: Thu Jan 01 1970 09:01:20 GMT+0800 (Indochina Time)
debug: Inspect cce:/internal/x/prerequisite-imports
debug: Resolve file:///Applications/Cocos/Creator/3.8.1/CocosCreator.app/Contents/Resources/resources/3d/engine/editor/assets/tools/debug-view-runtime-control.ts from cce:/internal/x/prerequisite-imports as file:///Applications/Cocos/Creator/3.8.1/CocosCreator.app/Contents/Resources/resources/3d/engine/editor/assets/tools/debug-view-runtime-control.ts.
debug: Resolve file:///Users/admin/Documents/Gamify_Test/assets/Scripts/Problem1/RotateAroundComp.ts from cce:/internal/x/prerequisite-imports as file:///Users/admin/Documents/Gamify_Test/assets/Scripts/Problem1/RotateAroundComp.ts.
debug: Resolve file:///Users/admin/Documents/Gamify_Test/assets/Scripts/Problem2/ItemComp.ts from cce:/internal/x/prerequisite-imports as file:///Users/admin/Documents/Gamify_Test/assets/Scripts/Problem2/ItemComp.ts.
debug: Detected change: file:///Users/admin/Documents/Gamify_Test/assets/Scripts/Problem2/ItemComp.ts. Last mtime: Mon Dec 16 2024 20:14:16 GMT+0700 (Indochina Time)@35919506-f82e-4268-a6f9-3ebc0a6ef11a, Current mtime: Mon Dec 16 2024 20:22:58 GMT+0700 (Indochina Time)@35919506-f82e-4268-a6f9-3ebc0a6ef11a
debug: Inspect file:///Users/admin/Documents/Gamify_Test/assets/Scripts/Problem2/ItemComp.ts
debug: Resolve cc from file:///Users/admin/Documents/Gamify_Test/assets/Scripts/Problem2/ItemComp.ts as cce:/internal/x/cc.
debug: Resolve cc from file:///Users/admin/Documents/Gamify_Test/assets/Scripts/Problem2/ItemComp.ts as cce:/internal/x/cc.
debug: Resolve cc from file:///Users/admin/Documents/Gamify_Test/assets/Scripts/Problem2/ItemComp.ts as cce:/internal/x/cc.
debug: Target(editor) ends with cost 180.92458295822144ms.
debug: Target(preview) build started.
debug: Detected change: cce:/internal/x/prerequisite-imports. Last mtime: Thu Jan 01 1970 08:52:30 GMT+0800 (Indochina Time), Current mtime: Thu Jan 01 1970 09:01:20 GMT+0800 (Indochina Time)
debug: Inspect cce:/internal/x/prerequisite-imports
debug: Resolve file:///Applications/Cocos/Creator/3.8.1/CocosCreator.app/Contents/Resources/resources/3d/engine/editor/assets/tools/debug-view-runtime-control.ts from cce:/internal/x/prerequisite-imports as file:///Applications/Cocos/Creator/3.8.1/CocosCreator.app/Contents/Resources/resources/3d/engine/editor/assets/tools/debug-view-runtime-control.ts.
debug: Resolve file:///Users/admin/Documents/Gamify_Test/assets/Scripts/Problem1/RotateAroundComp.ts from cce:/internal/x/prerequisite-imports as file:///Users/admin/Documents/Gamify_Test/assets/Scripts/Problem1/RotateAroundComp.ts.
debug: Resolve file:///Users/admin/Documents/Gamify_Test/assets/Scripts/Problem2/ItemComp.ts from cce:/internal/x/prerequisite-imports as file:///Users/admin/Documents/Gamify_Test/assets/Scripts/Problem2/ItemComp.ts.
debug: Detected change: file:///Users/admin/Documents/Gamify_Test/assets/Scripts/Problem2/ItemComp.ts. Last mtime: Mon Dec 16 2024 20:14:16 GMT+0700 (Indochina Time)@35919506-f82e-4268-a6f9-3ebc0a6ef11a, Current mtime: Mon Dec 16 2024 20:22:58 GMT+0700 (Indochina Time)@35919506-f82e-4268-a6f9-3ebc0a6ef11a
debug: Inspect file:///Users/admin/Documents/Gamify_Test/assets/Scripts/Problem2/ItemComp.ts
debug: Resolve cc from file:///Users/admin/Documents/Gamify_Test/assets/Scripts/Problem2/ItemComp.ts as cce:/internal/x/cc.
debug: Resolve cc from file:///Users/admin/Documents/Gamify_Test/assets/Scripts/Problem2/ItemComp.ts as cce:/internal/x/cc.
debug: Resolve cc from file:///Users/admin/Documents/Gamify_Test/assets/Scripts/Problem2/ItemComp.ts as cce:/internal/x/cc.
debug: Target(preview) ends with cost 63.4221248626709ms.
debug: Dispatch build request for time accumulated 1 asset changes.
debug: Build iteration starts.
Number of accumulated asset changes: 1
Feature changed: false
debug: Target(editor) build started.
debug: Detected change: cce:/internal/x/prerequisite-imports. Last mtime: Thu Jan 01 1970 09:01:20 GMT+0800 (Indochina Time), Current mtime: Thu Jan 01 1970 09:02:52 GMT+0800 (Indochina Time)
debug: Inspect cce:/internal/x/prerequisite-imports
debug: Resolve file:///Applications/Cocos/Creator/3.8.1/CocosCreator.app/Contents/Resources/resources/3d/engine/editor/assets/tools/debug-view-runtime-control.ts from cce:/internal/x/prerequisite-imports as file:///Applications/Cocos/Creator/3.8.1/CocosCreator.app/Contents/Resources/resources/3d/engine/editor/assets/tools/debug-view-runtime-control.ts.
debug: Resolve file:///Users/admin/Documents/Gamify_Test/assets/Scripts/Problem1/RotateAroundComp.ts from cce:/internal/x/prerequisite-imports as file:///Users/admin/Documents/Gamify_Test/assets/Scripts/Problem1/RotateAroundComp.ts.
debug: Resolve file:///Users/admin/Documents/Gamify_Test/assets/Scripts/Problem2/ItemComp.ts from cce:/internal/x/prerequisite-imports as file:///Users/admin/Documents/Gamify_Test/assets/Scripts/Problem2/ItemComp.ts.
debug: Resolve file:///Users/admin/Documents/Gamify_Test/assets/Scripts/Problem2/ScrollComp.ts from cce:/internal/x/prerequisite-imports as file:///Users/admin/Documents/Gamify_Test/assets/Scripts/Problem2/ScrollComp.ts.
debug: Inspect file:///Users/admin/Documents/Gamify_Test/assets/Scripts/Problem2/ScrollComp.ts
debug: Resolve cc from file:///Users/admin/Documents/Gamify_Test/assets/Scripts/Problem2/ScrollComp.ts as cce:/internal/x/cc.
debug: Resolve cc from file:///Users/admin/Documents/Gamify_Test/assets/Scripts/Problem2/ScrollComp.ts as cce:/internal/x/cc.
debug: Resolve cc from file:///Users/admin/Documents/Gamify_Test/assets/Scripts/Problem2/ScrollComp.ts as cce:/internal/x/cc.
debug: Target(editor) ends with cost 39.66041660308838ms.
debug: Target(preview) build started.
debug: Detected change: cce:/internal/x/prerequisite-imports. Last mtime: Thu Jan 01 1970 09:01:20 GMT+0800 (Indochina Time), Current mtime: Thu Jan 01 1970 09:02:52 GMT+0800 (Indochina Time)
debug: Inspect cce:/internal/x/prerequisite-imports
debug: Resolve file:///Applications/Cocos/Creator/3.8.1/CocosCreator.app/Contents/Resources/resources/3d/engine/editor/assets/tools/debug-view-runtime-control.ts from cce:/internal/x/prerequisite-imports as file:///Applications/Cocos/Creator/3.8.1/CocosCreator.app/Contents/Resources/resources/3d/engine/editor/assets/tools/debug-view-runtime-control.ts.
debug: Resolve file:///Users/admin/Documents/Gamify_Test/assets/Scripts/Problem1/RotateAroundComp.ts from cce:/internal/x/prerequisite-imports as file:///Users/admin/Documents/Gamify_Test/assets/Scripts/Problem1/RotateAroundComp.ts.
debug: Resolve file:///Users/admin/Documents/Gamify_Test/assets/Scripts/Problem2/ItemComp.ts from cce:/internal/x/prerequisite-imports as file:///Users/admin/Documents/Gamify_Test/assets/Scripts/Problem2/ItemComp.ts.
debug: Resolve file:///Users/admin/Documents/Gamify_Test/assets/Scripts/Problem2/ScrollComp.ts from cce:/internal/x/prerequisite-imports as file:///Users/admin/Documents/Gamify_Test/assets/Scripts/Problem2/ScrollComp.ts.
debug: Inspect file:///Users/admin/Documents/Gamify_Test/assets/Scripts/Problem2/ScrollComp.ts
debug: Resolve cc from file:///Users/admin/Documents/Gamify_Test/assets/Scripts/Problem2/ScrollComp.ts as cce:/internal/x/cc.
debug: Resolve cc from file:///Users/admin/Documents/Gamify_Test/assets/Scripts/Problem2/ScrollComp.ts as cce:/internal/x/cc.
debug: Resolve cc from file:///Users/admin/Documents/Gamify_Test/assets/Scripts/Problem2/ScrollComp.ts as cce:/internal/x/cc.
debug: Target(preview) ends with cost 34.22720813751221ms.
debug: Dispatch build request for time accumulated 1 asset changes.
debug: Build iteration starts.
Number of accumulated asset changes: 1
Feature changed: false
debug: Target(editor) build started.
debug: Detected change: cce:/internal/x/prerequisite-imports. Last mtime: Thu Jan 01 1970 09:02:52 GMT+0800 (Indochina Time), Current mtime: Thu Jan 01 1970 09:04:51 GMT+0800 (Indochina Time)
debug: Inspect cce:/internal/x/prerequisite-imports
debug: Resolve file:///Applications/Cocos/Creator/3.8.1/CocosCreator.app/Contents/Resources/resources/3d/engine/editor/assets/tools/debug-view-runtime-control.ts from cce:/internal/x/prerequisite-imports as file:///Applications/Cocos/Creator/3.8.1/CocosCreator.app/Contents/Resources/resources/3d/engine/editor/assets/tools/debug-view-runtime-control.ts.
debug: Resolve file:///Users/admin/Documents/Gamify_Test/assets/Scripts/Problem1/RotateAroundComp.ts from cce:/internal/x/prerequisite-imports as file:///Users/admin/Documents/Gamify_Test/assets/Scripts/Problem1/RotateAroundComp.ts.
debug: Resolve file:///Users/admin/Documents/Gamify_Test/assets/Scripts/Problem2/ItemComp.ts from cce:/internal/x/prerequisite-imports as file:///Users/admin/Documents/Gamify_Test/assets/Scripts/Problem2/ItemComp.ts.
debug: Resolve file:///Users/admin/Documents/Gamify_Test/assets/Scripts/Problem2/ScrollComp.ts from cce:/internal/x/prerequisite-imports as file:///Users/admin/Documents/Gamify_Test/assets/Scripts/Problem2/ScrollComp.ts.
debug: Detected change: file:///Users/admin/Documents/Gamify_Test/assets/Scripts/Problem2/ScrollComp.ts. Last mtime: Mon Dec 16 2024 20:24:38 GMT+0700 (Indochina Time)@ab0435e6-54e7-45e6-bb9e-1998198d8d62, Current mtime: Mon Dec 16 2024 20:26:26 GMT+0700 (Indochina Time)@ab0435e6-54e7-45e6-bb9e-1998198d8d62
debug: Inspect file:///Users/admin/Documents/Gamify_Test/assets/Scripts/Problem2/ScrollComp.ts
debug: Resolve cc from file:///Users/admin/Documents/Gamify_Test/assets/Scripts/Problem2/ScrollComp.ts as cce:/internal/x/cc.
debug: Resolve cc from file:///Users/admin/Documents/Gamify_Test/assets/Scripts/Problem2/ScrollComp.ts as cce:/internal/x/cc.
debug: Resolve cc from file:///Users/admin/Documents/Gamify_Test/assets/Scripts/Problem2/ScrollComp.ts as cce:/internal/x/cc.
debug: Target(editor) ends with cost 71.60304069519043ms.
debug: Target(preview) build started.
debug: Detected change: cce:/internal/x/prerequisite-imports. Last mtime: Thu Jan 01 1970 09:02:52 GMT+0800 (Indochina Time), Current mtime: Thu Jan 01 1970 09:04:51 GMT+0800 (Indochina Time)
debug: Inspect cce:/internal/x/prerequisite-imports
debug: Resolve file:///Applications/Cocos/Creator/3.8.1/CocosCreator.app/Contents/Resources/resources/3d/engine/editor/assets/tools/debug-view-runtime-control.ts from cce:/internal/x/prerequisite-imports as file:///Applications/Cocos/Creator/3.8.1/CocosCreator.app/Contents/Resources/resources/3d/engine/editor/assets/tools/debug-view-runtime-control.ts.
debug: Resolve file:///Users/admin/Documents/Gamify_Test/assets/Scripts/Problem1/RotateAroundComp.ts from cce:/internal/x/prerequisite-imports as file:///Users/admin/Documents/Gamify_Test/assets/Scripts/Problem1/RotateAroundComp.ts.
debug: Resolve file:///Users/admin/Documents/Gamify_Test/assets/Scripts/Problem2/ItemComp.ts from cce:/internal/x/prerequisite-imports as file:///Users/admin/Documents/Gamify_Test/assets/Scripts/Problem2/ItemComp.ts.
debug: Resolve file:///Users/admin/Documents/Gamify_Test/assets/Scripts/Problem2/ScrollComp.ts from cce:/internal/x/prerequisite-imports as file:///Users/admin/Documents/Gamify_Test/assets/Scripts/Problem2/ScrollComp.ts.
debug: Detected change: file:///Users/admin/Documents/Gamify_Test/assets/Scripts/Problem2/ScrollComp.ts. Last mtime: Mon Dec 16 2024 20:24:38 GMT+0700 (Indochina Time)@ab0435e6-54e7-45e6-bb9e-1998198d8d62, Current mtime: Mon Dec 16 2024 20:26:26 GMT+0700 (Indochina Time)@ab0435e6-54e7-45e6-bb9e-1998198d8d62
debug: Inspect file:///Users/admin/Documents/Gamify_Test/assets/Scripts/Problem2/ScrollComp.ts
debug: Resolve cc from file:///Users/admin/Documents/Gamify_Test/assets/Scripts/Problem2/ScrollComp.ts as cce:/internal/x/cc.
debug: Resolve cc from file:///Users/admin/Documents/Gamify_Test/assets/Scripts/Problem2/ScrollComp.ts as cce:/internal/x/cc.
debug: Resolve cc from file:///Users/admin/Documents/Gamify_Test/assets/Scripts/Problem2/ScrollComp.ts as cce:/internal/x/cc.
debug: Target(preview) ends with cost 52.14208269119263ms.
debug: Dispatch build request for time accumulated 1 asset changes.
debug: Build iteration starts.
Number of accumulated asset changes: 1
Feature changed: false
debug: Target(editor) build started.
debug: Detected change: cce:/internal/x/prerequisite-imports. Last mtime: Thu Jan 01 1970 09:04:51 GMT+0800 (Indochina Time), Current mtime: Thu Jan 01 1970 10:13:07 GMT+0800 (Indochina Time)
debug: Inspect cce:/internal/x/prerequisite-imports
debug: Resolve file:///Applications/Cocos/Creator/3.8.1/CocosCreator.app/Contents/Resources/resources/3d/engine/editor/assets/tools/debug-view-runtime-control.ts from cce:/internal/x/prerequisite-imports as file:///Applications/Cocos/Creator/3.8.1/CocosCreator.app/Contents/Resources/resources/3d/engine/editor/assets/tools/debug-view-runtime-control.ts.
debug: Resolve file:///Users/admin/Documents/Gamify_Test/assets/Scripts/Problem1/RotateAroundComp.ts from cce:/internal/x/prerequisite-imports as file:///Users/admin/Documents/Gamify_Test/assets/Scripts/Problem1/RotateAroundComp.ts.
debug: Resolve file:///Users/admin/Documents/Gamify_Test/assets/Scripts/Problem2/ItemComp.ts from cce:/internal/x/prerequisite-imports as file:///Users/admin/Documents/Gamify_Test/assets/Scripts/Problem2/ItemComp.ts.
debug: Resolve file:///Users/admin/Documents/Gamify_Test/assets/Scripts/Problem2/ScrollComp.ts from cce:/internal/x/prerequisite-imports as file:///Users/admin/Documents/Gamify_Test/assets/Scripts/Problem2/ScrollComp.ts.
debug: Detected change: file:///Users/admin/Documents/Gamify_Test/assets/Scripts/Problem2/ScrollComp.ts. Last mtime: Mon Dec 16 2024 20:26:26 GMT+0700 (Indochina Time)@ab0435e6-54e7-45e6-bb9e-1998198d8d62, Current mtime: Mon Dec 16 2024 21:33:48 GMT+0700 (Indochina Time)@ab0435e6-54e7-45e6-bb9e-1998198d8d62
debug: Inspect file:///Users/admin/Documents/Gamify_Test/assets/Scripts/Problem2/ScrollComp.ts
debug: Resolve cc from file:///Users/admin/Documents/Gamify_Test/assets/Scripts/Problem2/ScrollComp.ts as cce:/internal/x/cc.
debug: Resolve cc from file:///Users/admin/Documents/Gamify_Test/assets/Scripts/Problem2/ScrollComp.ts as cce:/internal/x/cc.
debug: Resolve cc from file:///Users/admin/Documents/Gamify_Test/assets/Scripts/Problem2/ScrollComp.ts as cce:/internal/x/cc.
debug: Target(editor) ends with cost 123.73479127883911ms.
debug: Target(preview) build started.
debug: Detected change: cce:/internal/x/prerequisite-imports. Last mtime: Thu Jan 01 1970 09:04:51 GMT+0800 (Indochina Time), Current mtime: Thu Jan 01 1970 10:13:07 GMT+0800 (Indochina Time)
debug: Inspect cce:/internal/x/prerequisite-imports
debug: Resolve file:///Applications/Cocos/Creator/3.8.1/CocosCreator.app/Contents/Resources/resources/3d/engine/editor/assets/tools/debug-view-runtime-control.ts from cce:/internal/x/prerequisite-imports as file:///Applications/Cocos/Creator/3.8.1/CocosCreator.app/Contents/Resources/resources/3d/engine/editor/assets/tools/debug-view-runtime-control.ts.
debug: Resolve file:///Users/admin/Documents/Gamify_Test/assets/Scripts/Problem1/RotateAroundComp.ts from cce:/internal/x/prerequisite-imports as file:///Users/admin/Documents/Gamify_Test/assets/Scripts/Problem1/RotateAroundComp.ts.
debug: Resolve file:///Users/admin/Documents/Gamify_Test/assets/Scripts/Problem2/ItemComp.ts from cce:/internal/x/prerequisite-imports as file:///Users/admin/Documents/Gamify_Test/assets/Scripts/Problem2/ItemComp.ts.
debug: Resolve file:///Users/admin/Documents/Gamify_Test/assets/Scripts/Problem2/ScrollComp.ts from cce:/internal/x/prerequisite-imports as file:///Users/admin/Documents/Gamify_Test/assets/Scripts/Problem2/ScrollComp.ts.
debug: Detected change: file:///Users/admin/Documents/Gamify_Test/assets/Scripts/Problem2/ScrollComp.ts. Last mtime: Mon Dec 16 2024 20:26:26 GMT+0700 (Indochina Time)@ab0435e6-54e7-45e6-bb9e-1998198d8d62, Current mtime: Mon Dec 16 2024 21:33:48 GMT+0700 (Indochina Time)@ab0435e6-54e7-45e6-bb9e-1998198d8d62
debug: Inspect file:///Users/admin/Documents/Gamify_Test/assets/Scripts/Problem2/ScrollComp.ts
debug: Resolve cc from file:///Users/admin/Documents/Gamify_Test/assets/Scripts/Problem2/ScrollComp.ts as cce:/internal/x/cc.
debug: Resolve cc from file:///Users/admin/Documents/Gamify_Test/assets/Scripts/Problem2/ScrollComp.ts as cce:/internal/x/cc.
debug: Resolve cc from file:///Users/admin/Documents/Gamify_Test/assets/Scripts/Problem2/ScrollComp.ts as cce:/internal/x/cc.
debug: Target(preview) ends with cost 68.59945821762085ms.
debug: Dispatch build request for time accumulated 1 asset changes.
debug: Build iteration starts.
Number of accumulated asset changes: 1
Feature changed: false
debug: Target(editor) build started.
debug: Detected change: cce:/internal/x/prerequisite-imports. Last mtime: Thu Jan 01 1970 10:13:07 GMT+0800 (Indochina Time), Current mtime: Thu Jan 01 1970 10:23:58 GMT+0800 (Indochina Time)
debug: Inspect cce:/internal/x/prerequisite-imports
debug: Resolve file:///Applications/Cocos/Creator/3.8.1/CocosCreator.app/Contents/Resources/resources/3d/engine/editor/assets/tools/debug-view-runtime-control.ts from cce:/internal/x/prerequisite-imports as file:///Applications/Cocos/Creator/3.8.1/CocosCreator.app/Contents/Resources/resources/3d/engine/editor/assets/tools/debug-view-runtime-control.ts.
debug: Resolve file:///Users/admin/Documents/Gamify_Test/assets/Scripts/Problem1/RotateAroundComp.ts from cce:/internal/x/prerequisite-imports as file:///Users/admin/Documents/Gamify_Test/assets/Scripts/Problem1/RotateAroundComp.ts.
debug: Resolve file:///Users/admin/Documents/Gamify_Test/assets/Scripts/Problem2/ItemComp.ts from cce:/internal/x/prerequisite-imports as file:///Users/admin/Documents/Gamify_Test/assets/Scripts/Problem2/ItemComp.ts.
debug: Resolve file:///Users/admin/Documents/Gamify_Test/assets/Scripts/Problem2/ScrollComp.ts from cce:/internal/x/prerequisite-imports as file:///Users/admin/Documents/Gamify_Test/assets/Scripts/Problem2/ScrollComp.ts.
debug: Detected change: file:///Users/admin/Documents/Gamify_Test/assets/Scripts/Problem2/ScrollComp.ts. Last mtime: Mon Dec 16 2024 21:33:48 GMT+0700 (Indochina Time)@ab0435e6-54e7-45e6-bb9e-1998198d8d62, Current mtime: Mon Dec 16 2024 21:45:38 GMT+0700 (Indochina Time)@ab0435e6-54e7-45e6-bb9e-1998198d8d62
debug: Inspect file:///Users/admin/Documents/Gamify_Test/assets/Scripts/Problem2/ScrollComp.ts
debug: Resolve cc from file:///Users/admin/Documents/Gamify_Test/assets/Scripts/Problem2/ScrollComp.ts as cce:/internal/x/cc.
debug: Resolve cc from file:///Users/admin/Documents/Gamify_Test/assets/Scripts/Problem2/ScrollComp.ts as cce:/internal/x/cc.
debug: Resolve cc from file:///Users/admin/Documents/Gamify_Test/assets/Scripts/Problem2/ScrollComp.ts as cce:/internal/x/cc.
debug: Target(editor) ends with cost 82.20208311080933ms.
debug: Target(preview) build started.
debug: Detected change: cce:/internal/x/prerequisite-imports. Last mtime: Thu Jan 01 1970 10:13:07 GMT+0800 (Indochina Time), Current mtime: Thu Jan 01 1970 10:23:58 GMT+0800 (Indochina Time)
debug: Inspect cce:/internal/x/prerequisite-imports
debug: Resolve file:///Applications/Cocos/Creator/3.8.1/CocosCreator.app/Contents/Resources/resources/3d/engine/editor/assets/tools/debug-view-runtime-control.ts from cce:/internal/x/prerequisite-imports as file:///Applications/Cocos/Creator/3.8.1/CocosCreator.app/Contents/Resources/resources/3d/engine/editor/assets/tools/debug-view-runtime-control.ts.
debug: Resolve file:///Users/admin/Documents/Gamify_Test/assets/Scripts/Problem1/RotateAroundComp.ts from cce:/internal/x/prerequisite-imports as file:///Users/admin/Documents/Gamify_Test/assets/Scripts/Problem1/RotateAroundComp.ts.
debug: Resolve file:///Users/admin/Documents/Gamify_Test/assets/Scripts/Problem2/ItemComp.ts from cce:/internal/x/prerequisite-imports as file:///Users/admin/Documents/Gamify_Test/assets/Scripts/Problem2/ItemComp.ts.
debug: Resolve file:///Users/admin/Documents/Gamify_Test/assets/Scripts/Problem2/ScrollComp.ts from cce:/internal/x/prerequisite-imports as file:///Users/admin/Documents/Gamify_Test/assets/Scripts/Problem2/ScrollComp.ts.
debug: Detected change: file:///Users/admin/Documents/Gamify_Test/assets/Scripts/Problem2/ScrollComp.ts. Last mtime: Mon Dec 16 2024 21:33:48 GMT+0700 (Indochina Time)@ab0435e6-54e7-45e6-bb9e-1998198d8d62, Current mtime: Mon Dec 16 2024 21:45:38 GMT+0700 (Indochina Time)@ab0435e6-54e7-45e6-bb9e-1998198d8d62
debug: Inspect file:///Users/admin/Documents/Gamify_Test/assets/Scripts/Problem2/ScrollComp.ts
debug: Resolve cc from file:///Users/admin/Documents/Gamify_Test/assets/Scripts/Problem2/ScrollComp.ts as cce:/internal/x/cc.
debug: Resolve cc from file:///Users/admin/Documents/Gamify_Test/assets/Scripts/Problem2/ScrollComp.ts as cce:/internal/x/cc.
debug: Resolve cc from file:///Users/admin/Documents/Gamify_Test/assets/Scripts/Problem2/ScrollComp.ts as cce:/internal/x/cc.
debug: Target(preview) ends with cost 43.13470792770386ms.
debug: Dispatch build request for time accumulated 1 asset changes.
debug: Build iteration starts.
Number of accumulated asset changes: 1
Feature changed: false
debug: Target(editor) build started.
debug: Detected change: cce:/internal/x/prerequisite-imports. Last mtime: Thu Jan 01 1970 10:23:58 GMT+0800 (Indochina Time), Current mtime: Thu Jan 01 1970 10:32:25 GMT+0800 (Indochina Time)
debug: Inspect cce:/internal/x/prerequisite-imports
debug: Resolve file:///Applications/Cocos/Creator/3.8.1/CocosCreator.app/Contents/Resources/resources/3d/engine/editor/assets/tools/debug-view-runtime-control.ts from cce:/internal/x/prerequisite-imports as file:///Applications/Cocos/Creator/3.8.1/CocosCreator.app/Contents/Resources/resources/3d/engine/editor/assets/tools/debug-view-runtime-control.ts.
debug: Resolve file:///Users/admin/Documents/Gamify_Test/assets/Scripts/Problem1/RotateAroundComp.ts from cce:/internal/x/prerequisite-imports as file:///Users/admin/Documents/Gamify_Test/assets/Scripts/Problem1/RotateAroundComp.ts.
debug: Resolve file:///Users/admin/Documents/Gamify_Test/assets/Scripts/Problem2/ItemComp.ts from cce:/internal/x/prerequisite-imports as file:///Users/admin/Documents/Gamify_Test/assets/Scripts/Problem2/ItemComp.ts.
debug: Resolve file:///Users/admin/Documents/Gamify_Test/assets/Scripts/Problem2/ScrollComp.ts from cce:/internal/x/prerequisite-imports as file:///Users/admin/Documents/Gamify_Test/assets/Scripts/Problem2/ScrollComp.ts.
debug: Detected change: file:///Users/admin/Documents/Gamify_Test/assets/Scripts/Problem2/ScrollComp.ts. Last mtime: Mon Dec 16 2024 21:45:38 GMT+0700 (Indochina Time)@ab0435e6-54e7-45e6-bb9e-1998198d8d62, Current mtime: Mon Dec 16 2024 21:53:35 GMT+0700 (Indochina Time)@ab0435e6-54e7-45e6-bb9e-1998198d8d62
debug: Inspect file:///Users/admin/Documents/Gamify_Test/assets/Scripts/Problem2/ScrollComp.ts
debug: Resolve cc from file:///Users/admin/Documents/Gamify_Test/assets/Scripts/Problem2/ScrollComp.ts as cce:/internal/x/cc.
debug: Resolve cc from file:///Users/admin/Documents/Gamify_Test/assets/Scripts/Problem2/ScrollComp.ts as cce:/internal/x/cc.
debug: Resolve cc from file:///Users/admin/Documents/Gamify_Test/assets/Scripts/Problem2/ScrollComp.ts as cce:/internal/x/cc.
debug: Target(editor) ends with cost 59.42158269882202ms.
debug: Target(preview) build started.
debug: Detected change: cce:/internal/x/prerequisite-imports. Last mtime: Thu Jan 01 1970 10:23:58 GMT+0800 (Indochina Time), Current mtime: Thu Jan 01 1970 10:32:25 GMT+0800 (Indochina Time)
debug: Inspect cce:/internal/x/prerequisite-imports
debug: Resolve file:///Applications/Cocos/Creator/3.8.1/CocosCreator.app/Contents/Resources/resources/3d/engine/editor/assets/tools/debug-view-runtime-control.ts from cce:/internal/x/prerequisite-imports as file:///Applications/Cocos/Creator/3.8.1/CocosCreator.app/Contents/Resources/resources/3d/engine/editor/assets/tools/debug-view-runtime-control.ts.
debug: Resolve file:///Users/admin/Documents/Gamify_Test/assets/Scripts/Problem1/RotateAroundComp.ts from cce:/internal/x/prerequisite-imports as file:///Users/admin/Documents/Gamify_Test/assets/Scripts/Problem1/RotateAroundComp.ts.
debug: Resolve file:///Users/admin/Documents/Gamify_Test/assets/Scripts/Problem2/ItemComp.ts from cce:/internal/x/prerequisite-imports as file:///Users/admin/Documents/Gamify_Test/assets/Scripts/Problem2/ItemComp.ts.
debug: Resolve file:///Users/admin/Documents/Gamify_Test/assets/Scripts/Problem2/ScrollComp.ts from cce:/internal/x/prerequisite-imports as file:///Users/admin/Documents/Gamify_Test/assets/Scripts/Problem2/ScrollComp.ts.
debug: Detected change: file:///Users/admin/Documents/Gamify_Test/assets/Scripts/Problem2/ScrollComp.ts. Last mtime: Mon Dec 16 2024 21:45:38 GMT+0700 (Indochina Time)@ab0435e6-54e7-45e6-bb9e-1998198d8d62, Current mtime: Mon Dec 16 2024 21:53:35 GMT+0700 (Indochina Time)@ab0435e6-54e7-45e6-bb9e-1998198d8d62
debug: Inspect file:///Users/admin/Documents/Gamify_Test/assets/Scripts/Problem2/ScrollComp.ts
debug: Resolve cc from file:///Users/admin/Documents/Gamify_Test/assets/Scripts/Problem2/ScrollComp.ts as cce:/internal/x/cc.
debug: Resolve cc from file:///Users/admin/Documents/Gamify_Test/assets/Scripts/Problem2/ScrollComp.ts as cce:/internal/x/cc.
debug: Resolve cc from file:///Users/admin/Documents/Gamify_Test/assets/Scripts/Problem2/ScrollComp.ts as cce:/internal/x/cc.
debug: Target(preview) ends with cost 64.57687520980835ms.
debug: Dispatch build request for time accumulated 1 asset changes.
debug: Build iteration starts.
Number of accumulated asset changes: 1
Feature changed: false
debug: Target(editor) build started.
debug: Detected change: cce:/internal/x/prerequisite-imports. Last mtime: Thu Jan 01 1970 10:32:25 GMT+0800 (Indochina Time), Current mtime: Thu Jan 01 1970 10:39:12 GMT+0800 (Indochina Time)
debug: Inspect cce:/internal/x/prerequisite-imports
debug: Resolve file:///Applications/Cocos/Creator/3.8.1/CocosCreator.app/Contents/Resources/resources/3d/engine/editor/assets/tools/debug-view-runtime-control.ts from cce:/internal/x/prerequisite-imports as file:///Applications/Cocos/Creator/3.8.1/CocosCreator.app/Contents/Resources/resources/3d/engine/editor/assets/tools/debug-view-runtime-control.ts.
debug: Resolve file:///Users/admin/Documents/Gamify_Test/assets/Scripts/Problem1/RotateAroundComp.ts from cce:/internal/x/prerequisite-imports as file:///Users/admin/Documents/Gamify_Test/assets/Scripts/Problem1/RotateAroundComp.ts.
debug: Resolve file:///Users/admin/Documents/Gamify_Test/assets/Scripts/Problem2/ItemComp.ts from cce:/internal/x/prerequisite-imports as file:///Users/admin/Documents/Gamify_Test/assets/Scripts/Problem2/ItemComp.ts.
debug: Resolve file:///Users/admin/Documents/Gamify_Test/assets/Scripts/Problem2/ScrollComp.ts from cce:/internal/x/prerequisite-imports as file:///Users/admin/Documents/Gamify_Test/assets/Scripts/Problem2/ScrollComp.ts.
debug: Detected change: file:///Users/admin/Documents/Gamify_Test/assets/Scripts/Problem2/ScrollComp.ts. Last mtime: Mon Dec 16 2024 21:53:35 GMT+0700 (Indochina Time)@ab0435e6-54e7-45e6-bb9e-1998198d8d62, Current mtime: Mon Dec 16 2024 22:00:49 GMT+0700 (Indochina Time)@ab0435e6-54e7-45e6-bb9e-1998198d8d62
debug: Inspect file:///Users/admin/Documents/Gamify_Test/assets/Scripts/Problem2/ScrollComp.ts
debug: Resolve cce:/internal/code-quality/cr.mjs from file:///Users/admin/Documents/Gamify_Test/assets/Scripts/Problem2/ScrollComp.ts as cce:/internal/code-quality/cr.mjs.
debug: Inspect cce:/internal/code-quality/cr.mjs
debug: Resolve cc from file:///Users/admin/Documents/Gamify_Test/assets/Scripts/Problem2/ScrollComp.ts as cce:/internal/x/cc.
debug: Resolve cc from file:///Users/admin/Documents/Gamify_Test/assets/Scripts/Problem2/ScrollComp.ts as cce:/internal/x/cc.
debug: Resolve cc from file:///Users/admin/Documents/Gamify_Test/assets/Scripts/Problem2/ScrollComp.ts as cce:/internal/x/cc.
debug: Resolve ./ItemComp from file:///Users/admin/Documents/Gamify_Test/assets/Scripts/Problem2/ScrollComp.ts as file:///Users/admin/Documents/Gamify_Test/assets/Scripts/Problem2/ItemComp.ts.
debug: Target(editor) ends with cost 88.89524984359741ms.
debug: Target(preview) build started.
debug: Detected change: cce:/internal/x/prerequisite-imports. Last mtime: Thu Jan 01 1970 10:32:25 GMT+0800 (Indochina Time), Current mtime: Thu Jan 01 1970 10:39:13 GMT+0800 (Indochina Time)
debug: Inspect cce:/internal/x/prerequisite-imports
debug: Resolve file:///Applications/Cocos/Creator/3.8.1/CocosCreator.app/Contents/Resources/resources/3d/engine/editor/assets/tools/debug-view-runtime-control.ts from cce:/internal/x/prerequisite-imports as file:///Applications/Cocos/Creator/3.8.1/CocosCreator.app/Contents/Resources/resources/3d/engine/editor/assets/tools/debug-view-runtime-control.ts.
debug: Resolve file:///Users/admin/Documents/Gamify_Test/assets/Scripts/Problem1/RotateAroundComp.ts from cce:/internal/x/prerequisite-imports as file:///Users/admin/Documents/Gamify_Test/assets/Scripts/Problem1/RotateAroundComp.ts.
debug: Resolve file:///Users/admin/Documents/Gamify_Test/assets/Scripts/Problem2/ItemComp.ts from cce:/internal/x/prerequisite-imports as file:///Users/admin/Documents/Gamify_Test/assets/Scripts/Problem2/ItemComp.ts.
debug: Resolve file:///Users/admin/Documents/Gamify_Test/assets/Scripts/Problem2/ScrollComp.ts from cce:/internal/x/prerequisite-imports as file:///Users/admin/Documents/Gamify_Test/assets/Scripts/Problem2/ScrollComp.ts.
debug: Detected change: file:///Users/admin/Documents/Gamify_Test/assets/Scripts/Problem2/ScrollComp.ts. Last mtime: Mon Dec 16 2024 21:53:35 GMT+0700 (Indochina Time)@ab0435e6-54e7-45e6-bb9e-1998198d8d62, Current mtime: Mon Dec 16 2024 22:00:49 GMT+0700 (Indochina Time)@ab0435e6-54e7-45e6-bb9e-1998198d8d62
debug: Inspect file:///Users/admin/Documents/Gamify_Test/assets/Scripts/Problem2/ScrollComp.ts
debug: Resolve cce:/internal/code-quality/cr.mjs from file:///Users/admin/Documents/Gamify_Test/assets/Scripts/Problem2/ScrollComp.ts as cce:/internal/code-quality/cr.mjs.
debug: Inspect cce:/internal/code-quality/cr.mjs
debug: Resolve cc from file:///Users/admin/Documents/Gamify_Test/assets/Scripts/Problem2/ScrollComp.ts as cce:/internal/x/cc.
debug: Resolve cc from file:///Users/admin/Documents/Gamify_Test/assets/Scripts/Problem2/ScrollComp.ts as cce:/internal/x/cc.
debug: Resolve cc from file:///Users/admin/Documents/Gamify_Test/assets/Scripts/Problem2/ScrollComp.ts as cce:/internal/x/cc.
debug: Resolve ./ItemComp from file:///Users/admin/Documents/Gamify_Test/assets/Scripts/Problem2/ScrollComp.ts as file:///Users/admin/Documents/Gamify_Test/assets/Scripts/Problem2/ItemComp.ts.
debug: Target(preview) ends with cost 236.58141708374023ms.
debug: Dispatch build request for time accumulated 1 asset changes.
debug: Build iteration starts.
Number of accumulated asset changes: 1
Feature changed: false
debug: Target(editor) build started.
debug: Detected change: cce:/internal/x/prerequisite-imports. Last mtime: Thu Jan 01 1970 10:39:12 GMT+0800 (Indochina Time), Current mtime: Thu Jan 01 1970 10:42:08 GMT+0800 (Indochina Time)
debug: Inspect cce:/internal/x/prerequisite-imports
debug: Resolve file:///Applications/Cocos/Creator/3.8.1/CocosCreator.app/Contents/Resources/resources/3d/engine/editor/assets/tools/debug-view-runtime-control.ts from cce:/internal/x/prerequisite-imports as file:///Applications/Cocos/Creator/3.8.1/CocosCreator.app/Contents/Resources/resources/3d/engine/editor/assets/tools/debug-view-runtime-control.ts.
debug: Resolve file:///Users/admin/Documents/Gamify_Test/assets/Scripts/Problem1/RotateAroundComp.ts from cce:/internal/x/prerequisite-imports as file:///Users/admin/Documents/Gamify_Test/assets/Scripts/Problem1/RotateAroundComp.ts.
debug: Resolve file:///Users/admin/Documents/Gamify_Test/assets/Scripts/Problem2/ItemComp.ts from cce:/internal/x/prerequisite-imports as file:///Users/admin/Documents/Gamify_Test/assets/Scripts/Problem2/ItemComp.ts.
debug: Detected change: file:///Users/admin/Documents/Gamify_Test/assets/Scripts/Problem2/ItemComp.ts. Last mtime: Mon Dec 16 2024 20:22:58 GMT+0700 (Indochina Time)@35919506-f82e-4268-a6f9-3ebc0a6ef11a, Current mtime: Mon Dec 16 2024 22:03:39 GMT+0700 (Indochina Time)@35919506-f82e-4268-a6f9-3ebc0a6ef11a
debug: Inspect file:///Users/admin/Documents/Gamify_Test/assets/Scripts/Problem2/ItemComp.ts
debug: Resolve cc from file:///Users/admin/Documents/Gamify_Test/assets/Scripts/Problem2/ItemComp.ts as cce:/internal/x/cc.
debug: Resolve cc from file:///Users/admin/Documents/Gamify_Test/assets/Scripts/Problem2/ItemComp.ts as cce:/internal/x/cc.
debug: Resolve cc from file:///Users/admin/Documents/Gamify_Test/assets/Scripts/Problem2/ItemComp.ts as cce:/internal/x/cc.
debug: Resolve file:///Users/admin/Documents/Gamify_Test/assets/Scripts/Problem2/ScrollComp.ts from cce:/internal/x/prerequisite-imports as file:///Users/admin/Documents/Gamify_Test/assets/Scripts/Problem2/ScrollComp.ts.
debug: Target(editor) ends with cost 91.55737495422363ms.
debug: Target(preview) build started.
debug: Detected change: cce:/internal/x/prerequisite-imports. Last mtime: Thu Jan 01 1970 10:39:13 GMT+0800 (Indochina Time), Current mtime: Thu Jan 01 1970 10:42:08 GMT+0800 (Indochina Time)
debug: Inspect cce:/internal/x/prerequisite-imports
debug: Resolve file:///Applications/Cocos/Creator/3.8.1/CocosCreator.app/Contents/Resources/resources/3d/engine/editor/assets/tools/debug-view-runtime-control.ts from cce:/internal/x/prerequisite-imports as file:///Applications/Cocos/Creator/3.8.1/CocosCreator.app/Contents/Resources/resources/3d/engine/editor/assets/tools/debug-view-runtime-control.ts.
debug: Resolve file:///Users/admin/Documents/Gamify_Test/assets/Scripts/Problem1/RotateAroundComp.ts from cce:/internal/x/prerequisite-imports as file:///Users/admin/Documents/Gamify_Test/assets/Scripts/Problem1/RotateAroundComp.ts.
debug: Resolve file:///Users/admin/Documents/Gamify_Test/assets/Scripts/Problem2/ItemComp.ts from cce:/internal/x/prerequisite-imports as file:///Users/admin/Documents/Gamify_Test/assets/Scripts/Problem2/ItemComp.ts.
debug: Detected change: file:///Users/admin/Documents/Gamify_Test/assets/Scripts/Problem2/ItemComp.ts. Last mtime: Mon Dec 16 2024 20:22:58 GMT+0700 (Indochina Time)@35919506-f82e-4268-a6f9-3ebc0a6ef11a, Current mtime: Mon Dec 16 2024 22:03:39 GMT+0700 (Indochina Time)@35919506-f82e-4268-a6f9-3ebc0a6ef11a
debug: Inspect file:///Users/admin/Documents/Gamify_Test/assets/Scripts/Problem2/ItemComp.ts
debug: Resolve cc from file:///Users/admin/Documents/Gamify_Test/assets/Scripts/Problem2/ItemComp.ts as cce:/internal/x/cc.
debug: Resolve cc from file:///Users/admin/Documents/Gamify_Test/assets/Scripts/Problem2/ItemComp.ts as cce:/internal/x/cc.
debug: Resolve cc from file:///Users/admin/Documents/Gamify_Test/assets/Scripts/Problem2/ItemComp.ts as cce:/internal/x/cc.
debug: Resolve file:///Users/admin/Documents/Gamify_Test/assets/Scripts/Problem2/ScrollComp.ts from cce:/internal/x/prerequisite-imports as file:///Users/admin/Documents/Gamify_Test/assets/Scripts/Problem2/ScrollComp.ts.
debug: Target(preview) ends with cost 49.98591709136963ms.
debug: Dispatch build request for time accumulated 1 asset changes.
debug: Build iteration starts.
Number of accumulated asset changes: 1
Feature changed: false
debug: Target(editor) build started.
debug: Detected change: cce:/internal/x/prerequisite-imports. Last mtime: Thu Jan 01 1970 10:42:08 GMT+0800 (Indochina Time), Current mtime: Thu Jan 01 1970 10:50:10 GMT+0800 (Indochina Time)
debug: Inspect cce:/internal/x/prerequisite-imports
debug: Resolve file:///Applications/Cocos/Creator/3.8.1/CocosCreator.app/Contents/Resources/resources/3d/engine/editor/assets/tools/debug-view-runtime-control.ts from cce:/internal/x/prerequisite-imports as file:///Applications/Cocos/Creator/3.8.1/CocosCreator.app/Contents/Resources/resources/3d/engine/editor/assets/tools/debug-view-runtime-control.ts.
debug: Resolve file:///Users/admin/Documents/Gamify_Test/assets/Scripts/Problem1/RotateAroundComp.ts from cce:/internal/x/prerequisite-imports as file:///Users/admin/Documents/Gamify_Test/assets/Scripts/Problem1/RotateAroundComp.ts.
debug: Resolve file:///Users/admin/Documents/Gamify_Test/assets/Scripts/Problem2/ItemComp.ts from cce:/internal/x/prerequisite-imports as file:///Users/admin/Documents/Gamify_Test/assets/Scripts/Problem2/ItemComp.ts.
debug: Resolve file:///Users/admin/Documents/Gamify_Test/assets/Scripts/Problem2/ScrollComp.ts from cce:/internal/x/prerequisite-imports as file:///Users/admin/Documents/Gamify_Test/assets/Scripts/Problem2/ScrollComp.ts.
debug: Detected change: file:///Users/admin/Documents/Gamify_Test/assets/Scripts/Problem2/ScrollComp.ts. Last mtime: Mon Dec 16 2024 22:00:49 GMT+0700 (Indochina Time)@ab0435e6-54e7-45e6-bb9e-1998198d8d62, Current mtime: Mon Dec 16 2024 22:11:32 GMT+0700 (Indochina Time)@ab0435e6-54e7-45e6-bb9e-1998198d8d62
debug: Inspect file:///Users/admin/Documents/Gamify_Test/assets/Scripts/Problem2/ScrollComp.ts
debug: Resolve cce:/internal/code-quality/cr.mjs from file:///Users/admin/Documents/Gamify_Test/assets/Scripts/Problem2/ScrollComp.ts as cce:/internal/code-quality/cr.mjs.
debug: Resolve cc from file:///Users/admin/Documents/Gamify_Test/assets/Scripts/Problem2/ScrollComp.ts as cce:/internal/x/cc.
debug: Resolve cc from file:///Users/admin/Documents/Gamify_Test/assets/Scripts/Problem2/ScrollComp.ts as cce:/internal/x/cc.
debug: Resolve cc from file:///Users/admin/Documents/Gamify_Test/assets/Scripts/Problem2/ScrollComp.ts as cce:/internal/x/cc.
debug: Resolve ./ItemComp from file:///Users/admin/Documents/Gamify_Test/assets/Scripts/Problem2/ScrollComp.ts as file:///Users/admin/Documents/Gamify_Test/assets/Scripts/Problem2/ItemComp.ts.
debug: Target(editor) ends with cost 57.06670808792114ms.
debug: Target(preview) build started.
debug: Detected change: cce:/internal/x/prerequisite-imports. Last mtime: Thu Jan 01 1970 10:42:08 GMT+0800 (Indochina Time), Current mtime: Thu Jan 01 1970 10:50:10 GMT+0800 (Indochina Time)
debug: Inspect cce:/internal/x/prerequisite-imports
debug: Resolve file:///Applications/Cocos/Creator/3.8.1/CocosCreator.app/Contents/Resources/resources/3d/engine/editor/assets/tools/debug-view-runtime-control.ts from cce:/internal/x/prerequisite-imports as file:///Applications/Cocos/Creator/3.8.1/CocosCreator.app/Contents/Resources/resources/3d/engine/editor/assets/tools/debug-view-runtime-control.ts.
debug: Resolve file:///Users/admin/Documents/Gamify_Test/assets/Scripts/Problem1/RotateAroundComp.ts from cce:/internal/x/prerequisite-imports as file:///Users/admin/Documents/Gamify_Test/assets/Scripts/Problem1/RotateAroundComp.ts.
debug: Resolve file:///Users/admin/Documents/Gamify_Test/assets/Scripts/Problem2/ItemComp.ts from cce:/internal/x/prerequisite-imports as file:///Users/admin/Documents/Gamify_Test/assets/Scripts/Problem2/ItemComp.ts.
debug: Resolve file:///Users/admin/Documents/Gamify_Test/assets/Scripts/Problem2/ScrollComp.ts from cce:/internal/x/prerequisite-imports as file:///Users/admin/Documents/Gamify_Test/assets/Scripts/Problem2/ScrollComp.ts.
debug: Detected change: file:///Users/admin/Documents/Gamify_Test/assets/Scripts/Problem2/ScrollComp.ts. Last mtime: Mon Dec 16 2024 22:00:49 GMT+0700 (Indochina Time)@ab0435e6-54e7-45e6-bb9e-1998198d8d62, Current mtime: Mon Dec 16 2024 22:11:32 GMT+0700 (Indochina Time)@ab0435e6-54e7-45e6-bb9e-1998198d8d62
debug: Inspect file:///Users/admin/Documents/Gamify_Test/assets/Scripts/Problem2/ScrollComp.ts
debug: Resolve cce:/internal/code-quality/cr.mjs from file:///Users/admin/Documents/Gamify_Test/assets/Scripts/Problem2/ScrollComp.ts as cce:/internal/code-quality/cr.mjs.
debug: Resolve cc from file:///Users/admin/Documents/Gamify_Test/assets/Scripts/Problem2/ScrollComp.ts as cce:/internal/x/cc.
debug: Resolve cc from file:///Users/admin/Documents/Gamify_Test/assets/Scripts/Problem2/ScrollComp.ts as cce:/internal/x/cc.
debug: Resolve cc from file:///Users/admin/Documents/Gamify_Test/assets/Scripts/Problem2/ScrollComp.ts as cce:/internal/x/cc.
debug: Resolve ./ItemComp from file:///Users/admin/Documents/Gamify_Test/assets/Scripts/Problem2/ScrollComp.ts as file:///Users/admin/Documents/Gamify_Test/assets/Scripts/Problem2/ItemComp.ts.
debug: Target(preview) ends with cost 43.656750202178955ms.
debug: Dispatch build request for time accumulated 1 asset changes.
debug: Build iteration starts.
Number of accumulated asset changes: 1
Feature changed: false
debug: Target(editor) build started.
debug: Detected change: cce:/internal/x/prerequisite-imports. Last mtime: Thu Jan 01 1970 10:50:10 GMT+0800 (Indochina Time), Current mtime: Thu Jan 01 1970 10:51:39 GMT+0800 (Indochina Time)
debug: Inspect cce:/internal/x/prerequisite-imports
debug: Resolve file:///Applications/Cocos/Creator/3.8.1/CocosCreator.app/Contents/Resources/resources/3d/engine/editor/assets/tools/debug-view-runtime-control.ts from cce:/internal/x/prerequisite-imports as file:///Applications/Cocos/Creator/3.8.1/CocosCreator.app/Contents/Resources/resources/3d/engine/editor/assets/tools/debug-view-runtime-control.ts.
debug: Resolve file:///Users/admin/Documents/Gamify_Test/assets/Scripts/Problem1/RotateAroundComp.ts from cce:/internal/x/prerequisite-imports as file:///Users/admin/Documents/Gamify_Test/assets/Scripts/Problem1/RotateAroundComp.ts.
debug: Resolve file:///Users/admin/Documents/Gamify_Test/assets/Scripts/Problem2/ItemComp.ts from cce:/internal/x/prerequisite-imports as file:///Users/admin/Documents/Gamify_Test/assets/Scripts/Problem2/ItemComp.ts.
debug: Resolve file:///Users/admin/Documents/Gamify_Test/assets/Scripts/Problem2/ScrollComp.ts from cce:/internal/x/prerequisite-imports as file:///Users/admin/Documents/Gamify_Test/assets/Scripts/Problem2/ScrollComp.ts.
debug: Detected change: file:///Users/admin/Documents/Gamify_Test/assets/Scripts/Problem2/ScrollComp.ts. Last mtime: Mon Dec 16 2024 22:11:32 GMT+0700 (Indochina Time)@ab0435e6-54e7-45e6-bb9e-1998198d8d62, Current mtime: Mon Dec 16 2024 22:13:24 GMT+0700 (Indochina Time)@ab0435e6-54e7-45e6-bb9e-1998198d8d62
debug: Inspect file:///Users/admin/Documents/Gamify_Test/assets/Scripts/Problem2/ScrollComp.ts
debug: Resolve cce:/internal/code-quality/cr.mjs from file:///Users/admin/Documents/Gamify_Test/assets/Scripts/Problem2/ScrollComp.ts as cce:/internal/code-quality/cr.mjs.
debug: Resolve cc from file:///Users/admin/Documents/Gamify_Test/assets/Scripts/Problem2/ScrollComp.ts as cce:/internal/x/cc.
debug: Resolve cc from file:///Users/admin/Documents/Gamify_Test/assets/Scripts/Problem2/ScrollComp.ts as cce:/internal/x/cc.
debug: Resolve cc from file:///Users/admin/Documents/Gamify_Test/assets/Scripts/Problem2/ScrollComp.ts as cce:/internal/x/cc.
debug: Resolve ./ItemComp from file:///Users/admin/Documents/Gamify_Test/assets/Scripts/Problem2/ScrollComp.ts as file:///Users/admin/Documents/Gamify_Test/assets/Scripts/Problem2/ItemComp.ts.
debug: Target(editor) ends with cost 97.4858341217041ms.
debug: Target(preview) build started.
debug: Detected change: cce:/internal/x/prerequisite-imports. Last mtime: Thu Jan 01 1970 10:50:10 GMT+0800 (Indochina Time), Current mtime: Thu Jan 01 1970 10:51:39 GMT+0800 (Indochina Time)
debug: Inspect cce:/internal/x/prerequisite-imports
debug: Resolve file:///Applications/Cocos/Creator/3.8.1/CocosCreator.app/Contents/Resources/resources/3d/engine/editor/assets/tools/debug-view-runtime-control.ts from cce:/internal/x/prerequisite-imports as file:///Applications/Cocos/Creator/3.8.1/CocosCreator.app/Contents/Resources/resources/3d/engine/editor/assets/tools/debug-view-runtime-control.ts.
debug: Resolve file:///Users/admin/Documents/Gamify_Test/assets/Scripts/Problem1/RotateAroundComp.ts from cce:/internal/x/prerequisite-imports as file:///Users/admin/Documents/Gamify_Test/assets/Scripts/Problem1/RotateAroundComp.ts.
debug: Resolve file:///Users/admin/Documents/Gamify_Test/assets/Scripts/Problem2/ItemComp.ts from cce:/internal/x/prerequisite-imports as file:///Users/admin/Documents/Gamify_Test/assets/Scripts/Problem2/ItemComp.ts.
debug: Resolve file:///Users/admin/Documents/Gamify_Test/assets/Scripts/Problem2/ScrollComp.ts from cce:/internal/x/prerequisite-imports as file:///Users/admin/Documents/Gamify_Test/assets/Scripts/Problem2/ScrollComp.ts.
debug: Detected change: file:///Users/admin/Documents/Gamify_Test/assets/Scripts/Problem2/ScrollComp.ts. Last mtime: Mon Dec 16 2024 22:11:32 GMT+0700 (Indochina Time)@ab0435e6-54e7-45e6-bb9e-1998198d8d62, Current mtime: Mon Dec 16 2024 22:13:24 GMT+0700 (Indochina Time)@ab0435e6-54e7-45e6-bb9e-1998198d8d62
debug: Inspect file:///Users/admin/Documents/Gamify_Test/assets/Scripts/Problem2/ScrollComp.ts
debug: Resolve cce:/internal/code-quality/cr.mjs from file:///Users/admin/Documents/Gamify_Test/assets/Scripts/Problem2/ScrollComp.ts as cce:/internal/code-quality/cr.mjs.
debug: Resolve cc from file:///Users/admin/Documents/Gamify_Test/assets/Scripts/Problem2/ScrollComp.ts as cce:/internal/x/cc.
debug: Resolve cc from file:///Users/admin/Documents/Gamify_Test/assets/Scripts/Problem2/ScrollComp.ts as cce:/internal/x/cc.
debug: Resolve cc from file:///Users/admin/Documents/Gamify_Test/assets/Scripts/Problem2/ScrollComp.ts as cce:/internal/x/cc.
debug: Resolve ./ItemComp from file:///Users/admin/Documents/Gamify_Test/assets/Scripts/Problem2/ScrollComp.ts as file:///Users/admin/Documents/Gamify_Test/assets/Scripts/Problem2/ItemComp.ts.
debug: Target(preview) ends with cost 39.469375133514404ms.
debug: Dispatch build request for time accumulated 1 asset changes.
debug: Build iteration starts.
Number of accumulated asset changes: 1
Feature changed: false
debug: Target(editor) build started.
debug: Detected change: cce:/internal/x/prerequisite-imports. Last mtime: Thu Jan 01 1970 10:51:39 GMT+0800 (Indochina Time), Current mtime: Thu Jan 01 1970 10:53:07 GMT+0800 (Indochina Time)
debug: Inspect cce:/internal/x/prerequisite-imports
debug: Resolve file:///Applications/Cocos/Creator/3.8.1/CocosCreator.app/Contents/Resources/resources/3d/engine/editor/assets/tools/debug-view-runtime-control.ts from cce:/internal/x/prerequisite-imports as file:///Applications/Cocos/Creator/3.8.1/CocosCreator.app/Contents/Resources/resources/3d/engine/editor/assets/tools/debug-view-runtime-control.ts.
debug: Resolve file:///Users/admin/Documents/Gamify_Test/assets/Scripts/Problem1/RotateAroundComp.ts from cce:/internal/x/prerequisite-imports as file:///Users/admin/Documents/Gamify_Test/assets/Scripts/Problem1/RotateAroundComp.ts.
debug: Resolve file:///Users/admin/Documents/Gamify_Test/assets/Scripts/Problem2/ItemComp.ts from cce:/internal/x/prerequisite-imports as file:///Users/admin/Documents/Gamify_Test/assets/Scripts/Problem2/ItemComp.ts.
debug: Detected change: file:///Users/admin/Documents/Gamify_Test/assets/Scripts/Problem2/ItemComp.ts. Last mtime: Mon Dec 16 2024 22:03:39 GMT+0700 (Indochina Time)@35919506-f82e-4268-a6f9-3ebc0a6ef11a, Current mtime: Mon Dec 16 2024 22:14:52 GMT+0700 (Indochina Time)@35919506-f82e-4268-a6f9-3ebc0a6ef11a
debug: Inspect file:///Users/admin/Documents/Gamify_Test/assets/Scripts/Problem2/ItemComp.ts
debug: Resolve cc from file:///Users/admin/Documents/Gamify_Test/assets/Scripts/Problem2/ItemComp.ts as cce:/internal/x/cc.
debug: Resolve cc from file:///Users/admin/Documents/Gamify_Test/assets/Scripts/Problem2/ItemComp.ts as cce:/internal/x/cc.
debug: Resolve cc from file:///Users/admin/Documents/Gamify_Test/assets/Scripts/Problem2/ItemComp.ts as cce:/internal/x/cc.
debug: Resolve file:///Users/admin/Documents/Gamify_Test/assets/Scripts/Problem2/ScrollComp.ts from cce:/internal/x/prerequisite-imports as file:///Users/admin/Documents/Gamify_Test/assets/Scripts/Problem2/ScrollComp.ts.
debug: Target(editor) ends with cost 46.83641719818115ms.
debug: Target(preview) build started.
debug: Detected change: cce:/internal/x/prerequisite-imports. Last mtime: Thu Jan 01 1970 10:51:39 GMT+0800 (Indochina Time), Current mtime: Thu Jan 01 1970 10:53:07 GMT+0800 (Indochina Time)
debug: Inspect cce:/internal/x/prerequisite-imports
debug: Resolve file:///Applications/Cocos/Creator/3.8.1/CocosCreator.app/Contents/Resources/resources/3d/engine/editor/assets/tools/debug-view-runtime-control.ts from cce:/internal/x/prerequisite-imports as file:///Applications/Cocos/Creator/3.8.1/CocosCreator.app/Contents/Resources/resources/3d/engine/editor/assets/tools/debug-view-runtime-control.ts.
debug: Resolve file:///Users/admin/Documents/Gamify_Test/assets/Scripts/Problem1/RotateAroundComp.ts from cce:/internal/x/prerequisite-imports as file:///Users/admin/Documents/Gamify_Test/assets/Scripts/Problem1/RotateAroundComp.ts.
debug: Resolve file:///Users/admin/Documents/Gamify_Test/assets/Scripts/Problem2/ItemComp.ts from cce:/internal/x/prerequisite-imports as file:///Users/admin/Documents/Gamify_Test/assets/Scripts/Problem2/ItemComp.ts.
debug: Detected change: file:///Users/admin/Documents/Gamify_Test/assets/Scripts/Problem2/ItemComp.ts. Last mtime: Mon Dec 16 2024 22:03:39 GMT+0700 (Indochina Time)@35919506-f82e-4268-a6f9-3ebc0a6ef11a, Current mtime: Mon Dec 16 2024 22:14:52 GMT+0700 (Indochina Time)@35919506-f82e-4268-a6f9-3ebc0a6ef11a
debug: Inspect file:///Users/admin/Documents/Gamify_Test/assets/Scripts/Problem2/ItemComp.ts
debug: Resolve cc from file:///Users/admin/Documents/Gamify_Test/assets/Scripts/Problem2/ItemComp.ts as cce:/internal/x/cc.
debug: Resolve cc from file:///Users/admin/Documents/Gamify_Test/assets/Scripts/Problem2/ItemComp.ts as cce:/internal/x/cc.
debug: Resolve cc from file:///Users/admin/Documents/Gamify_Test/assets/Scripts/Problem2/ItemComp.ts as cce:/internal/x/cc.
debug: Resolve file:///Users/admin/Documents/Gamify_Test/assets/Scripts/Problem2/ScrollComp.ts from cce:/internal/x/prerequisite-imports as file:///Users/admin/Documents/Gamify_Test/assets/Scripts/Problem2/ScrollComp.ts.
debug: Target(preview) ends with cost 51.77120780944824ms.
debug: Dispatch build request for time accumulated 1 asset changes.
debug: Build iteration starts.
Number of accumulated asset changes: 1
Feature changed: false
debug: Target(editor) build started.
debug: Detected change: cce:/internal/x/prerequisite-imports. Last mtime: Thu Jan 01 1970 10:53:07 GMT+0800 (Indochina Time), Current mtime: Thu Jan 01 1970 10:58:39 GMT+0800 (Indochina Time)
debug: Inspect cce:/internal/x/prerequisite-imports
debug: Resolve file:///Applications/Cocos/Creator/3.8.1/CocosCreator.app/Contents/Resources/resources/3d/engine/editor/assets/tools/debug-view-runtime-control.ts from cce:/internal/x/prerequisite-imports as file:///Applications/Cocos/Creator/3.8.1/CocosCreator.app/Contents/Resources/resources/3d/engine/editor/assets/tools/debug-view-runtime-control.ts.
debug: Resolve file:///Users/admin/Documents/Gamify_Test/assets/Scripts/Problem1/RotateAroundComp.ts from cce:/internal/x/prerequisite-imports as file:///Users/admin/Documents/Gamify_Test/assets/Scripts/Problem1/RotateAroundComp.ts.
debug: Resolve file:///Users/admin/Documents/Gamify_Test/assets/Scripts/Problem2/ItemComp.ts from cce:/internal/x/prerequisite-imports as file:///Users/admin/Documents/Gamify_Test/assets/Scripts/Problem2/ItemComp.ts.
debug: Resolve file:///Users/admin/Documents/Gamify_Test/assets/Scripts/Problem2/ScrollComp.ts from cce:/internal/x/prerequisite-imports as file:///Users/admin/Documents/Gamify_Test/assets/Scripts/Problem2/ScrollComp.ts.
debug: Detected change: file:///Users/admin/Documents/Gamify_Test/assets/Scripts/Problem2/ScrollComp.ts. Last mtime: Mon Dec 16 2024 22:13:24 GMT+0700 (Indochina Time)@ab0435e6-54e7-45e6-bb9e-1998198d8d62, Current mtime: Mon Dec 16 2024 22:20:21 GMT+0700 (Indochina Time)@ab0435e6-54e7-45e6-bb9e-1998198d8d62
debug: Inspect file:///Users/admin/Documents/Gamify_Test/assets/Scripts/Problem2/ScrollComp.ts
debug: Resolve cce:/internal/code-quality/cr.mjs from file:///Users/admin/Documents/Gamify_Test/assets/Scripts/Problem2/ScrollComp.ts as cce:/internal/code-quality/cr.mjs.
debug: Resolve cc from file:///Users/admin/Documents/Gamify_Test/assets/Scripts/Problem2/ScrollComp.ts as cce:/internal/x/cc.
debug: Resolve cc from file:///Users/admin/Documents/Gamify_Test/assets/Scripts/Problem2/ScrollComp.ts as cce:/internal/x/cc.
debug: Resolve cc from file:///Users/admin/Documents/Gamify_Test/assets/Scripts/Problem2/ScrollComp.ts as cce:/internal/x/cc.
debug: Resolve ./ItemComp from file:///Users/admin/Documents/Gamify_Test/assets/Scripts/Problem2/ScrollComp.ts as file:///Users/admin/Documents/Gamify_Test/assets/Scripts/Problem2/ItemComp.ts.
debug: Target(editor) ends with cost 80.09354209899902ms.
debug: Target(preview) build started.
debug: Detected change: cce:/internal/x/prerequisite-imports. Last mtime: Thu Jan 01 1970 10:53:07 GMT+0800 (Indochina Time), Current mtime: Thu Jan 01 1970 10:58:39 GMT+0800 (Indochina Time)
debug: Inspect cce:/internal/x/prerequisite-imports
debug: Resolve file:///Applications/Cocos/Creator/3.8.1/CocosCreator.app/Contents/Resources/resources/3d/engine/editor/assets/tools/debug-view-runtime-control.ts from cce:/internal/x/prerequisite-imports as file:///Applications/Cocos/Creator/3.8.1/CocosCreator.app/Contents/Resources/resources/3d/engine/editor/assets/tools/debug-view-runtime-control.ts.
debug: Resolve file:///Users/admin/Documents/Gamify_Test/assets/Scripts/Problem1/RotateAroundComp.ts from cce:/internal/x/prerequisite-imports as file:///Users/admin/Documents/Gamify_Test/assets/Scripts/Problem1/RotateAroundComp.ts.
debug: Resolve file:///Users/admin/Documents/Gamify_Test/assets/Scripts/Problem2/ItemComp.ts from cce:/internal/x/prerequisite-imports as file:///Users/admin/Documents/Gamify_Test/assets/Scripts/Problem2/ItemComp.ts.
debug: Resolve file:///Users/admin/Documents/Gamify_Test/assets/Scripts/Problem2/ScrollComp.ts from cce:/internal/x/prerequisite-imports as file:///Users/admin/Documents/Gamify_Test/assets/Scripts/Problem2/ScrollComp.ts.
debug: Detected change: file:///Users/admin/Documents/Gamify_Test/assets/Scripts/Problem2/ScrollComp.ts. Last mtime: Mon Dec 16 2024 22:13:24 GMT+0700 (Indochina Time)@ab0435e6-54e7-45e6-bb9e-1998198d8d62, Current mtime: Mon Dec 16 2024 22:20:21 GMT+0700 (Indochina Time)@ab0435e6-54e7-45e6-bb9e-1998198d8d62
debug: Inspect file:///Users/admin/Documents/Gamify_Test/assets/Scripts/Problem2/ScrollComp.ts
debug: Resolve cce:/internal/code-quality/cr.mjs from file:///Users/admin/Documents/Gamify_Test/assets/Scripts/Problem2/ScrollComp.ts as cce:/internal/code-quality/cr.mjs.
debug: Resolve cc from file:///Users/admin/Documents/Gamify_Test/assets/Scripts/Problem2/ScrollComp.ts as cce:/internal/x/cc.
debug: Resolve cc from file:///Users/admin/Documents/Gamify_Test/assets/Scripts/Problem2/ScrollComp.ts as cce:/internal/x/cc.
debug: Resolve cc from file:///Users/admin/Documents/Gamify_Test/assets/Scripts/Problem2/ScrollComp.ts as cce:/internal/x/cc.
debug: Resolve ./ItemComp from file:///Users/admin/Documents/Gamify_Test/assets/Scripts/Problem2/ScrollComp.ts as file:///Users/admin/Documents/Gamify_Test/assets/Scripts/Problem2/ItemComp.ts.
debug: Target(preview) ends with cost 43.50887489318848ms.
debug: Dispatch build request for time accumulated 1 asset changes.
debug: Build iteration starts.
Number of accumulated asset changes: 1
Feature changed: false
debug: Target(editor) build started.
debug: Detected change: cce:/internal/x/prerequisite-imports. Last mtime: Thu Jan 01 1970 10:58:39 GMT+0800 (Indochina Time), Current mtime: Thu Jan 01 1970 11:00:09 GMT+0800 (Indochina Time)
debug: Inspect cce:/internal/x/prerequisite-imports
debug: Resolve file:///Applications/Cocos/Creator/3.8.1/CocosCreator.app/Contents/Resources/resources/3d/engine/editor/assets/tools/debug-view-runtime-control.ts from cce:/internal/x/prerequisite-imports as file:///Applications/Cocos/Creator/3.8.1/CocosCreator.app/Contents/Resources/resources/3d/engine/editor/assets/tools/debug-view-runtime-control.ts.
debug: Resolve file:///Users/admin/Documents/Gamify_Test/assets/Scripts/Problem1/RotateAroundComp.ts from cce:/internal/x/prerequisite-imports as file:///Users/admin/Documents/Gamify_Test/assets/Scripts/Problem1/RotateAroundComp.ts.
debug: Resolve file:///Users/admin/Documents/Gamify_Test/assets/Scripts/Problem2/ItemComp.ts from cce:/internal/x/prerequisite-imports as file:///Users/admin/Documents/Gamify_Test/assets/Scripts/Problem2/ItemComp.ts.
debug: Resolve file:///Users/admin/Documents/Gamify_Test/assets/Scripts/Problem2/ScrollComp.ts from cce:/internal/x/prerequisite-imports as file:///Users/admin/Documents/Gamify_Test/assets/Scripts/Problem2/ScrollComp.ts.
debug: Detected change: file:///Users/admin/Documents/Gamify_Test/assets/Scripts/Problem2/ScrollComp.ts. Last mtime: Mon Dec 16 2024 22:20:21 GMT+0700 (Indochina Time)@ab0435e6-54e7-45e6-bb9e-1998198d8d62, Current mtime: Mon Dec 16 2024 22:21:50 GMT+0700 (Indochina Time)@ab0435e6-54e7-45e6-bb9e-1998198d8d62
debug: Inspect file:///Users/admin/Documents/Gamify_Test/assets/Scripts/Problem2/ScrollComp.ts
debug: Resolve cce:/internal/code-quality/cr.mjs from file:///Users/admin/Documents/Gamify_Test/assets/Scripts/Problem2/ScrollComp.ts as cce:/internal/code-quality/cr.mjs.
debug: Resolve cc from file:///Users/admin/Documents/Gamify_Test/assets/Scripts/Problem2/ScrollComp.ts as cce:/internal/x/cc.
debug: Resolve cc from file:///Users/admin/Documents/Gamify_Test/assets/Scripts/Problem2/ScrollComp.ts as cce:/internal/x/cc.
debug: Resolve cc from file:///Users/admin/Documents/Gamify_Test/assets/Scripts/Problem2/ScrollComp.ts as cce:/internal/x/cc.
debug: Resolve ./ItemComp from file:///Users/admin/Documents/Gamify_Test/assets/Scripts/Problem2/ScrollComp.ts as file:///Users/admin/Documents/Gamify_Test/assets/Scripts/Problem2/ItemComp.ts.
debug: Target(editor) ends with cost 90.85345792770386ms.
debug: Target(preview) build started.
debug: Detected change: cce:/internal/x/prerequisite-imports. Last mtime: Thu Jan 01 1970 10:58:39 GMT+0800 (Indochina Time), Current mtime: Thu Jan 01 1970 11:00:09 GMT+0800 (Indochina Time)
debug: Inspect cce:/internal/x/prerequisite-imports
debug: Resolve file:///Applications/Cocos/Creator/3.8.1/CocosCreator.app/Contents/Resources/resources/3d/engine/editor/assets/tools/debug-view-runtime-control.ts from cce:/internal/x/prerequisite-imports as file:///Applications/Cocos/Creator/3.8.1/CocosCreator.app/Contents/Resources/resources/3d/engine/editor/assets/tools/debug-view-runtime-control.ts.
debug: Resolve file:///Users/admin/Documents/Gamify_Test/assets/Scripts/Problem1/RotateAroundComp.ts from cce:/internal/x/prerequisite-imports as file:///Users/admin/Documents/Gamify_Test/assets/Scripts/Problem1/RotateAroundComp.ts.
debug: Resolve file:///Users/admin/Documents/Gamify_Test/assets/Scripts/Problem2/ItemComp.ts from cce:/internal/x/prerequisite-imports as file:///Users/admin/Documents/Gamify_Test/assets/Scripts/Problem2/ItemComp.ts.
debug: Resolve file:///Users/admin/Documents/Gamify_Test/assets/Scripts/Problem2/ScrollComp.ts from cce:/internal/x/prerequisite-imports as file:///Users/admin/Documents/Gamify_Test/assets/Scripts/Problem2/ScrollComp.ts.
debug: Detected change: file:///Users/admin/Documents/Gamify_Test/assets/Scripts/Problem2/ScrollComp.ts. Last mtime: Mon Dec 16 2024 22:20:21 GMT+0700 (Indochina Time)@ab0435e6-54e7-45e6-bb9e-1998198d8d62, Current mtime: Mon Dec 16 2024 22:21:50 GMT+0700 (Indochina Time)@ab0435e6-54e7-45e6-bb9e-1998198d8d62
debug: Inspect file:///Users/admin/Documents/Gamify_Test/assets/Scripts/Problem2/ScrollComp.ts
debug: Resolve cce:/internal/code-quality/cr.mjs from file:///Users/admin/Documents/Gamify_Test/assets/Scripts/Problem2/ScrollComp.ts as cce:/internal/code-quality/cr.mjs.
debug: Resolve cc from file:///Users/admin/Documents/Gamify_Test/assets/Scripts/Problem2/ScrollComp.ts as cce:/internal/x/cc.
debug: Resolve cc from file:///Users/admin/Documents/Gamify_Test/assets/Scripts/Problem2/ScrollComp.ts as cce:/internal/x/cc.
debug: Resolve cc from file:///Users/admin/Documents/Gamify_Test/assets/Scripts/Problem2/ScrollComp.ts as cce:/internal/x/cc.
debug: Resolve ./ItemComp from file:///Users/admin/Documents/Gamify_Test/assets/Scripts/Problem2/ScrollComp.ts as file:///Users/admin/Documents/Gamify_Test/assets/Scripts/Problem2/ItemComp.ts.
debug: Target(preview) ends with cost 49.98933267593384ms.
